<?xml version="1.0" encoding="UTF-8"?>
<testsuite xmlns:xsi="http://www.w3.org/2001/XMLSchema-instance" xsi:noNamespaceSchemaLocation="https://maven.apache.org/surefire/maven-surefire-plugin/xsd/surefire-test-report.xsd" name="com.example.test.RedisTest" time="10.447" tests="2" errors="1" skipped="0" failures="0">
  <properties>
[...]
</properties>
  <testcase name="testOne" classname="com.example.test.RedisTest" time="0.275">
    <error message="NOAUTH Authentication required." type="redis.clients.jedis.exceptions.JedisDataException">redis.clients.jedis.exceptions.JedisDataException: NOAUTH Authentication required.
	at com.example.test.RedisTest.testOne(RedisTest.java:30)
</error>
    <system-out><![CDATA[
  .   ____          _            __ _ _
 /\\ / ___'_ __ _ _(_)_ __  __ _ \ \ \ \
( ( )\___ | '_ | '_| | '_ \/ _` | \ \ \ \
 \\/  ___)| |_)| | | | | || (_| |  ) ) ) )
  '  |____| .__|_| |_|_| |_\__, | / / / /
 =========|_|==============|___/=/_/_/_/
 :: Spring Boot ::        (v2.1.5.RELEASE)

INFO  RepositoryConfigurationDelegate:244 - Multiple Spring Data modules found, entering strict repository configuration mode!
INFO  RepositoryConfigurationDelegate:126 - Bootstrapping Spring Data repositories in DEFAULT mode.
INFO  RepositoryConfigurationDelegate:182 - Finished Spring Data repository scanning in 36ms. Found 0 repository interfaces.
INFO  RepositoryConfigurationDelegate:244 - Multiple Spring Data modules found, entering strict repository configuration mode!
INFO  RepositoryConfigurationDelegate:126 - Bootstrapping Spring Data repositories in DEFAULT mode.
INFO  RepositoryConfigurationDelegate:182 - Finished Spring Data repository scanning in 15ms. Found 0 repository interfaces.
WARN  ClassPathMapperScanner:44 - Skipping MapperFactoryBean with name 'userMapper' and 'com.example.mapper.UserMapper' mapperInterface. Bean already defined with the same name!
WARN  ClassPathMapperScanner:44 - No MyBatis mapper was found in '[com.example]' package. Please check your configuration.
Logging initialized using 'class org.apache.ibatis.logging.stdout.StdOutImpl' adapter.
INFO  HikariDataSource:110 - HikariPool-1 - Starting...
INFO  HikariDataSource:123 - HikariPool-1 - Start completed.
INFO  HikariDataSource:110 - HikariPool-2 - Starting...
INFO  HikariDataSource:123 - HikariPool-2 - Start completed.
INFO  HikariDataSource:110 - HikariPool-3 - Starting...
INFO  HikariDataSource:123 - HikariPool-3 - Start completed.
INFO  ConfigurationLogger:134 - ShardingRuleConfiguration
defaultDataSourceName: ds-direct
defaultDatabaseStrategy:
  inline:
    algorithmExpression: ds-master-$->{id % 2}
    shardingColumn: id
tables:
  test_user:
    actualDataNodes: ds-master-$->{0..1}.test_user_$->{0..1}
    keyGenerator:
      column: id
      type: SNOWFLAKE
    logicTable: test_user
    tableStrategy:
      inline:
        algorithmExpression: test_user_$->{id % 2}
        shardingColumn: id

INFO  ConfigurationLogger:134 - Properties
sql.show: 'true'

Parsed mapper file: 'class path resource [mapper/ItemsParamMapper.xml]'
Parsed mapper file: 'class path resource [mapper/UsersMapper.xml]'
Parsed mapper file: 'class path resource [mapper/StuMapper.xml]'
Parsed mapper file: 'class path resource [mapper/ItemsMapper.xml]'
Parsed mapper file: 'class path resource [mapper/OrderStatusMapper.xml]'
Parsed mapper file: 'class path resource [mapper/CarouselMapper.xml]'
Parsed mapper file: 'class path resource [mapper/UserAddressMapper.xml]'
Parsed mapper file: 'class path resource [mapper/OrdersMapper.xml]'
Parsed mapper file: 'class path resource [mapper/ItemsImgMapper.xml]'
Parsed mapper file: 'class path resource [mapper/ItemsSpecMapper.xml]'
Parsed mapper file: 'class path resource [mapper/ItemsCommentsMapper.xml]'
Parsed mapper file: 'class path resource [mapper/OrderItemsMapper.xml]'
Parsed mapper file: 'class path resource [mapper/CategoryMapper.xml]'
消费者 启动成功=======
INFO  RocketmqRemoting:95 - closeChannel: close the connection to remote address[] result: true
INFO  RocketmqRemoting:95 - closeChannel: close the connection to remote address[] result: true
INFO  RocketmqRemoting:95 - closeChannel: close the connection to remote address[] result: true
INFO  RocketmqRemoting:95 - closeChannel: close the connection to remote address[] result: true
INFO  RocketmqRemoting:95 - closeChannel: close the connection to remote address[] result: true
INFO  RocketmqRemoting:95 - closeChannel: close the connection to remote address[] result: true
INFO  MapperCacheDisabler:60 - Clear tk.mybatis.mapper.util.MsUtil CLASS_CACHE cache.
INFO  MapperCacheDisabler:60 - Clear tk.mybatis.mapper.genid.GenIdUtil CACHE cache.
INFO  MapperCacheDisabler:60 - Clear tk.mybatis.mapper.version.VersionUtil CACHE cache.
INFO  MapperCacheDisabler:83 - Clear EntityHelper entityTableMap cache.
Logging initialized using 'class org.apache.ibatis.logging.stdout.StdOutImpl' adapter.
before
after
]]></system-out>
    <system-err><![CDATA[ERROR StatusLogger Log4j2 could not find a logging implementation. Please add log4j-core to the classpath. Using SimpleLogger to log to the console...
]]></system-err>
  </testcase>
  <testcase name="testTwo" classname="com.example.test.RedisTest" time="0.005"/>
</testsuite>